<?xml version="1.0" encoding="utf-8"?><testsuites name="pytest tests"><testsuite name="pytest" errors="0" failures="0" skipped="0" tests="4" time="1.308" timestamp="2026-09-19T05:26:46.435597+00:00" hostname="agent-env-80ebefa4-9314-47e5-b0d8-21ae435a7601"><testcase classname="tests.test_gfg_rename" name="test_clubs_list_first_is_gfg" time="0.198" /><testcase classname="tests.test_gfg_rename" name="test_no_old_gdg_slug" time="0.111" /><testcase classname="tests.test_gfg_rename" name="test_admin_login_and_stats" time="0.479" /><testcase classname="tests.test_gfg_rename" name="test_branding_rename_gfg_kare" time="0.470" /></testsuite></testsuites>