<?xml version="1.0" encoding="utf-8"?><testsuites name="pytest tests"><testsuite name="pytest" errors="0" failures="0" skipped="0" tests="21" time="27.954" timestamp="2026-09-19T05:47:29.909241+00:00" hostname="agent-env-80ebefa4-9314-47e5-b0d8-21ae435a7601"><testcase classname="tests.test_logos_pg.TestRegistrationPG" name="test_create_registration" time="10.931" /><testcase classname="tests.test_logos_pg" name="test_env_has_postgres_url" time="0.000" /><testcase classname="tests.test_logos_pg" name="test_health_ok" time="4.371" /><testcase classname="tests.test_logos_pg" name="test_clubs_count_and_order" time="0.903" /><testcase classname="tests.test_logos_pg" name="test_no_old_partner_05_slug" time="0.709" /><testcase classname="tests.test_logos_pg" name="test_club_mapping[0]" time="0.693" /><testcase classname="tests.test_logos_pg" name="test_club_mapping[1]" time="0.684" /><testcase classname="tests.test_logos_pg" name="test_club_mapping[2]" time="0.686" /><testcase classname="tests.test_logos_pg" name="test_club_mapping[3]" time="0.705" /><testcase classname="tests.test_logos_pg" name="test_club_mapping[4]" time="0.687" /><testcase classname="tests.test_logos_pg.TestRegistrationPG" name="test_duplicate_team_name_returns_409" time="1.166" /><testcase classname="tests.test_logos_pg" name="test_admin_login_returns_token" time="1.489" /><testcase classname="tests.test_logos_pg" name="test_admin_statistics" time="5.246" /><testcase classname="tests.test_logos_pg.TestRegistrationPG" name="test_get_public_registration_no_pii" time="0.880" /><testcase classname="tests.test_logos_pg.TestRegistrationPG" name="test_stats_after_create" time="5.663" /><testcase classname="tests.test_logos_pg" name="test_upload_id_proof" time="0.308" /><testcase classname="tests.test_logos_pg" name="test_branding_upload_gdg_kare_logo" time="2.275" /><testcase classname="tests.test_gfg_rename" name="test_clubs_list_first_is_gfg" time="0.865" /><testcase classname="tests.test_gfg_rename" name="test_no_old_partner_05_slug" time="0.695" /><testcase classname="tests.test_gfg_rename" name="test_admin_login_and_stats" time="3.327" /><testcase classname="tests.test_gfg_rename" name="test_branding_rename_gfg_kare" time="3.892" /></testsuite></testsuites>