<?xml version="1.0" encoding="utf-8"?><testsuites name="pytest tests"><testsuite name="pytest" errors="0" failures="0" skipped="0" tests="17" time="4.474" timestamp="2026-09-19T05:23:16.398508+00:00" hostname="agent-env-80ebefa4-9314-47e5-b0d8-21ae435a7601"><testcase classname="tests.test_uploads.TestIdProofUpload" name="test_upload_png_success" time="0.487" /><testcase classname="tests.test_uploads.TestMediaAndAdminFiles" name="test_media_serves_image_after_id_proof_png" time="0.747" /><testcase classname="tests.test_uploads.TestIdProofUpload" name="test_upload_pdf_success" time="0.347" /><testcase classname="tests.test_uploads.TestMediaAndAdminFiles" name="test_media_invalid_path_404" time="0.480" /><testcase classname="tests.test_uploads.TestIdProofUpload" name="test_upload_over_5mb_rejected" time="0.444" /><testcase classname="tests.test_uploads.TestMediaAndAdminFiles" name="test_media_pdf_forbidden" time="0.525" /><testcase classname="tests.test_uploads.TestIdProofUpload" name="test_upload_unsupported_extension_rejected" time="0.202" /><testcase classname="tests.test_uploads.TestClubBranding" name="test_club_logo_requires_auth" time="0.123" /><testcase classname="tests.test_uploads.TestMediaAndAdminFiles" name="test_admin_files_requires_auth" time="0.242" /><testcase classname="tests.test_uploads.TestClubBranding" name="test_club_logo_upload_reflected_in_clubs" time="1.049" /><testcase classname="tests.test_uploads.TestMediaAndAdminFiles" name="test_admin_files_returns_bytes" time="0.658" /><testcase classname="tests.test_uploads.TestHackathonLogo" name="test_requires_auth" time="0.135" /><testcase classname="tests.test_uploads.TestClubBranding" name="test_club_logo_unknown_slug_404" time="0.384" /><testcase classname="tests.test_uploads.TestHackathonLogo" name="test_upload_and_reflected_in_get_hackathon" time="0.618" /><testcase classname="tests.test_uploads.TestClubBranding" name="test_rename_club" time="0.617" /><testcase classname="tests.test_uploads.TestRegistrationIdProof" name="test_missing_team_lead_id_proof_rejected" time="0.113" /><testcase classname="tests.test_uploads.TestRegistrationIdProof" name="test_registration_with_id_proof_success_and_admin_detail" time="0.298" /></testsuite></testsuites>