<?xml version="1.0" encoding="utf-8"?><testsuites name="pytest tests"><testsuite name="pytest" errors="0" failures="0" skipped="0" tests="27" time="3.762" timestamp="2026-09-19T05:11:22.974412+00:00" hostname="agent-env-80ebefa4-9314-47e5-b0d8-21ae435a7601"><testcase classname="tests.backend_test.TestAdmin" name="test_login_success" time="0.446" /><testcase classname="tests.backend_test.TestRegistrationValidation" name="test_3_members_rejected" time="0.434" /><testcase classname="tests.backend_test.TestRegistrationValidation" name="test_6_members_rejected" time="0.134" /><testcase classname="tests.backend_test.TestAdmin" name="test_login_wrong_password" time="0.420" /><testcase classname="tests.backend_test.TestRegistrationValidation" name="test_external_missing_college_name" time="0.297" /><testcase classname="tests.backend_test.TestRegistrationValidation" name="test_internal_missing_accommodation" time="0.202" /><testcase classname="tests.backend_test.TestAdmin" name="test_statistics_unauth" time="0.141" /><testcase classname="tests.backend_test.TestRegistrationValidation" name="test_hosteller_missing_hostel_details" time="0.289" /><testcase classname="tests.backend_test.TestRegistrationValidation" name="test_day_scholar_with_hostel_rejected" time="0.119" /><testcase classname="tests.backend_test.TestAdmin" name="test_statistics_ok" time="0.505" /><testcase classname="tests.backend_test.TestRegistrationValidation" name="test_confirmation_required" time="0.123" /><testcase classname="tests.backend_test.TestAdmin" name="test_admin_registrations_list_and_filters" time="0.675" /><testcase classname="tests.backend_test.TestRegistrationValidation" name="test_duplicate_email_within_payload" time="0.116" /><testcase classname="tests.backend_test.TestDuplicateDetection" name="test_duplicate_team_name_case_insensitive" time="0.258" /><testcase classname="tests.backend_test.TestDuplicateDetection" name="test_duplicate_euphoria_id" time="0.119" /><testcase classname="tests.backend_test.TestDuplicateDetection" name="test_duplicate_phone" time="0.141" /><testcase classname="tests.backend_test.TestAdmin" name="test_admin_registration_detail" time="0.258" /><testcase classname="tests.backend_test.TestDuplicateDetection" name="test_duplicate_email" time="0.160" /><testcase classname="tests.backend_test.TestDuplicateDetection" name="test_duplicate_registration_number" time="0.137" /><testcase classname="tests.backend_test.TestAdmin" name="test_admin_export_csv" time="0.164" /><testcase classname="tests.backend_test.TestDuplicateDetection" name="test_participant_dup_within_payload_phone" time="0.120" /><testcase classname="tests.backend_test.TestRegistrationSuccess" name="test_create_4_members" time="0.262" /><testcase classname="tests.backend_test.TestContent" name="test_hackathon" time="0.121" /><testcase classname="tests.backend_test.TestContent" name="test_clubs" time="0.162" /><testcase classname="tests.backend_test.TestRegistrationSuccess" name="test_create_5_members" time="0.145" /><testcase classname="tests.backend_test.TestHealth" name="test_health" time="0.124" /><testcase classname="tests.backend_test.TestRegistrationSuccess" name="test_get_registration_not_found" time="0.121" /></testsuite></testsuites>